c:\users\alan cisneros\source\repos\project2\debug\vc142.pdb
c:\users\alan cisneros\source\repos\project2\debug\.netframework,version=v4.6.1.assemblyattributes.obj
c:\users\alan cisneros\source\repos\project2\debug\myform.obj
c:\users\alan cisneros\source\repos\project2\debug\funciones.obj
c:\users\alan cisneros\source\repos\project2\debug\ordenarform.obj
c:\users\alan cisneros\source\repos\project2\debug\localizarform.obj
c:\users\alan cisneros\source\repos\project2\debug\project2.exe
c:\users\alan cisneros\source\repos\project2\debug\project2.pdb
c:\users\alan cisneros\source\repos\project2\debug\project2.myform.resources
c:\users\alan cisneros\source\repos\project2\debug\project2.myform2.resources
c:\users\alan cisneros\source\repos\project2\debug\project2.localizarform.resources
c:\users\alan cisneros\source\repos\project2\debug\project2.ordenarform.resources
c:\users\alan cisneros\source\repos\project2\debug\project2.exe.metagen
c:\users\alan cisneros\source\repos\project2\debug\project2.tlog\cl.command.1.tlog
c:\users\alan cisneros\source\repos\project2\debug\project2.tlog\cl.read.1.tlog
c:\users\alan cisneros\source\repos\project2\debug\project2.tlog\cl.write.1.tlog
c:\users\alan cisneros\source\repos\project2\debug\project2.tlog\link.command.1.tlog
c:\users\alan cisneros\source\repos\project2\debug\project2.tlog\link.read.1.tlog
c:\users\alan cisneros\source\repos\project2\debug\project2.tlog\link.write.1.tlog
c:\users\alan cisneros\source\repos\project2\debug\project2.tlog\metagen.read.1.tlog
c:\users\alan cisneros\source\repos\project2\debug\project2.tlog\metagen.write.1.tlog
c:\users\alan cisneros\source\repos\project2\debug\project2.tlog\project2.write.1u.tlog
